Starting audit...
[ERROR] D:\msit\ADS2\6066_ADS2\m3\3.1 Directed Cycle\Bag.java:0: File does not end with a newline. [NewlineAtEndOfFile]
Audit done.
Checkstyle ends with 1 errors.
Starting audit...
Audit done.
Starting audit...
[ERROR] D:\msit\ADS2\6066_ADS2\m3\3.1 Directed Cycle\DirectedCycle.java:1: Missing a Javadoc comment. [JavadocType]
[ERROR] D:\msit\ADS2\6066_ADS2\m3\3.1 Directed Cycle\DirectedCycle.java:21:8: Unused @param tag for 'G'. [JavadocMethod]
[ERROR] D:\msit\ADS2\6066_ADS2\m3\3.1 Directed Cycle\DirectedCycle.java:23:40: Expected @param tag for 'g'. [JavadocMethod]
[ERROR] D:\msit\ADS2\6066_ADS2\m3\3.1 Directed Cycle\DirectedCycle.java:31: Line has trailing spaces. [RegexpSingleline]
[ERROR] D:\msit\ADS2\6066_ADS2\m3\3.1 Directed Cycle\DirectedCycle.java:36:8: Unused @param tag for 'G'. [JavadocMethod]
[ERROR] D:\msit\ADS2\6066_ADS2\m3\3.1 Directed Cycle\DirectedCycle.java:39:36: Expected @param tag for 'g'. [JavadocMethod]
[ERROR] D:\msit\ADS2\6066_ADS2\m3\3.1 Directed Cycle\DirectedCycle.java:45:13: '}' at column 13 should be on the same line as the next part of a multi-block statement (one that directly contains multiple blocks: if/else-if/else, do/while or try/catch/finally). [RightCurly]
[ERROR] D:\msit\ADS2\6066_ADS2\m3\3.1 Directed Cycle\DirectedCycle.java:49:13: '}' at column 13 should be on the same line as the next part of a multi-block statement (one that directly contains multiple blocks: if/else-if/else, do/while or try/catch/finally). [RightCurly]
Audit done.
Checkstyle ends with 8 errors.
Starting audit...
Audit done.
Starting audit...
[ERROR] D:\msit\ADS2\6066_ADS2\m3\3.1 Directed Cycle\Stack.java:0: File does not end with a newline. [NewlineAtEndOfFile]
[ERROR] D:\msit\ADS2\6066_ADS2\m3\3.1 Directed Cycle\Stack.java:9:5: Missing a Javadoc comment. [JavadocVariable]
[ERROR] D:\msit\ADS2\6066_ADS2\m3\3.1 Directed Cycle\Stack.java:10:5: Missing a Javadoc comment. [JavadocVariable]
[ERROR] D:\msit\ADS2\6066_ADS2\m3\3.1 Directed Cycle\Stack.java:34: Expected @return tag. [JavadocMethod]
[ERROR] D:\msit\ADS2\6066_ADS2\m3\3.1 Directed Cycle\Stack.java:48:33: Expected @param tag for 'item'. [JavadocMethod]
[ERROR] D:\msit\ADS2\6066_ADS2\m3\3.1 Directed Cycle\Stack.java:81: 'for' construct must use '{}'s. [NeedBraces]
Audit done.
Checkstyle ends with 6 errors.
